2025-05-04 03:35:56,496 [INFO] Starting mateIn3 puzzle solver training
2025-05-04 03:35:56,496 [INFO] Configuration: TrainingConfig(board_feature_dim=860, move_feature_dim=16, batch_size=32, policy_lr=0.0003, value_lr=0.0003, clip_epsilon=0.2, value_loss_coef=0.5, entropy_coef=0.01, ppo_epochs=4, gamma=0.99, lambda_gae=0.95, stockfish_path='/usr/games/stockfish', stockfish_depth=10, num_epochs=10, save_frequency=2, log_frequency=10, eval_frequency=1, train_split=0.8, val_split=0.1, test_split=0.1, replay_buffer_capacity=100000, min_buffer_size=1000, correct_move_bonus=1.0, stockfish_weight=0.5, mate_bonus=2.0, device='cuda', num_workers=4, data_dir='data', model_dir='models', log_dir='logs')
2025-05-04 03:35:56,496 [INFO] Loading puzzle dataset from data/lichess_db_puzzle.csv
2025-05-04 03:36:21,684 [INFO] Filtering for mateIn3 puzzles...
2025-05-04 03:36:24,390 [INFO] Found 123643 mateIn3 puzzles out of 4297068 total puzzles
2025-05-04 03:36:24,406 [INFO] MateIn3 dataset split: Train=98914, Val=12364, Test=12365
2025-05-04 03:36:25,470 [INFO] 
Example mateIn3 puzzles:
2025-05-04 03:36:25,470 [INFO] Puzzle 1:
2025-05-04 03:36:25,471 [INFO]   FEN: 7k/8/7r/1p3Pp1/4R1P1/3R4/2r5/6K1 b - - 4 45
2025-05-04 03:36:25,471 [INFO]   Moves: h6h2 e4e8 h8g7 d3d7 g7f6 e8e6
2025-05-04 03:36:25,471 [INFO]   Rating: 2065
2025-05-04 03:36:25,471 [INFO]   Themes: endgame exposedKing long mate mateIn3 rookEndgame
2025-05-04 03:36:25,471 [INFO] Puzzle 2:
2025-05-04 03:36:25,471 [INFO]   FEN: 5rk1/pp4b1/2p3P1/3p3Q/3Pp2R/2Pq4/PP1N4/K4r1R w - - 5 38
2025-05-04 03:36:25,471 [INFO]   Moves: h1f1 f8f1 d2f1 d3f1 h5d1 f1d1
2025-05-04 03:36:25,471 [INFO]   Rating: 1220
2025-05-04 03:36:25,471 [INFO]   Themes: backRankMate long mate mateIn3 middlegame
2025-05-04 03:36:25,471 [INFO] Puzzle 3:
2025-05-04 03:36:25,471 [INFO]   FEN: 3r4/pk1p1Q2/1p2p3/4Pnp1/3q4/8/PPP3PP/4RR1K w - - 0 25
2025-05-04 03:36:25,471 [INFO]   Moves: e1d1 f5g3 h2g3 d8h8 f7h7 h8h7
2025-05-04 03:36:25,471 [INFO]   Rating: 1646
2025-05-04 03:36:25,471 [INFO]   Themes: endgame long mate mateIn3 sacrifice
2025-05-04 03:36:25,471 [INFO] Puzzle 4:
2025-05-04 03:36:25,471 [INFO]   FEN: 4r2k/p1pq1rp1/1p1p1p1p/2nP3R/2P1PQ2/2P4R/P1B3PP/6K1 b - - 5 26
2025-05-04 03:36:25,471 [INFO]   Moves: e8e5 h5h6 g7h6 f4h6 f7h7 h6f8
2025-05-04 03:36:25,471 [INFO]   Rating: 1600
2025-05-04 03:36:25,471 [INFO]   Themes: kingsideAttack long master mate mateIn3 middlegame sacrifice
2025-05-04 03:36:25,471 [INFO] Puzzle 5:
2025-05-04 03:36:25,471 [INFO]   FEN: 3q1r2/5Q1p/3k2p1/2p2b2/3p4/8/PPP4P/4RRK1 w - - 1 29
2025-05-04 03:36:25,471 [INFO]   Moves: f7h7 d8g5 g1h1 f5e4 e1e4 f8f1
2025-05-04 03:36:25,471 [INFO]   Rating: 1186
2025-05-04 03:36:25,471 [INFO]   Themes: deflection discoveredAttack endgame long mate mateIn3
2025-05-04 03:36:25,471 [INFO] Using device: cuda
2025-05-04 03:36:25,551 [INFO] GPU: NVIDIA GeForce RTX 2080 Ti
2025-05-04 03:36:25,551 [INFO] GPU Memory: 11.35 GB
2025-05-04 03:36:25,734 [INFO] Policy network on device: cuda:0
2025-05-04 03:36:25,734 [INFO] Value network on device: cuda:0
2025-05-04 03:36:25,922 [INFO] Stockfish engine initialized successfully at /usr/games/stockfish
2025-05-04 03:36:26,471 [INFO] PPOTrainer using device: cuda
2025-05-04 03:36:26,471 [INFO] Starting training with 98914 training puzzles
2025-05-04 03:36:26,471 [INFO] Epoch 1/10
